# JRE version: Java(TM) SE Runtime Environment (8.0_221-b11) (build 1.8.0_221-b11)
# Java VM: Java HotSpot(TM) 64-Bit Server VM (25.221-b11 mixed mode windows-amd64 compressed oops)
Heap:
 PSYoungGen      total 39424K, used 31284K [0x00000000e0000000, 0x00000000e3d80000, 0x0000000100000000)
  eden space 29184K, 87% used [0x00000000e0000000,0x00000000e18cf608,0x00000000e1c80000)
  from space 10240K, 57% used [0x00000000e1c80000,0x00000000e223dda8,0x00000000e2680000)
  to   space 10240K, 0% used [0x00000000e3380000,0x00000000e3380000,0x00000000e3d80000)
 ParOldGen       total 44544K, used 9449K [0x00000000a0000000, 0x00000000a2b80000, 0x00000000e0000000)
  object space 44544K, 21% used [0x00000000a0000000,0x00000000a093a7f8,0x00000000a2b80000)
 Metaspace       used 31464K, capacity 32044K, committed 32384K, reserved 1077248K
  class space    used 4409K, capacity 4619K, committed 4736K, reserved 1048576K
GC Heap History (10 events):
Event: 14.252 GC heap before
{Heap before GC invocations=6 (full 0):
 PSYoungGen      total 36352K, used 35695K [0x00000000e0000000, 0x00000000e3280000, 0x0000000100000000)
  eden space 31232K, 98% used [0x00000000e0000000,0x00000000e1de3ef0,0x00000000e1e80000)
  from space 5120K, 99% used [0x00000000e1f00000,0x00000000e23f8020,0x00000000e2400000)
  to   space 10240K, 0% used [0x00000000e2880000,0x00000000e2880000,0x00000000e3280000)
 ParOldGen       total 84992K, used 6822K [0x00000000a0000000, 0x00000000a5300000, 0x00000000e0000000)
  object space 84992K, 8% used [0x00000000a0000000,0x00000000a06a9910,0x00000000a5300000)
 Metaspace       used 20515K, capacity 21066K, committed 21248K, reserved 1067008K
  class space    used 3032K, capacity 3225K, committed 3328K, reserved 1048576K
Event: 14.258 GC heap after
Heap after GC invocations=6 (full 0):
 PSYoungGen      total 40448K, used 8910K [0x00000000e0000000, 0x00000000e3400000, 0x0000000100000000)
  eden space 30208K, 0% used [0x00000000e0000000,0x00000000e0000000,0x00000000e1d80000)
  from space 10240K, 87% used [0x00000000e2880000,0x00000000e3133858,0x00000000e3280000)
  to   space 11264K, 0% used [0x00000000e1d80000,0x00000000e1d80000,0x00000000e2880000)
 ParOldGen       total 84992K, used 6830K [0x00000000a0000000, 0x00000000a5300000, 0x00000000e0000000)
  object space 84992K, 8% used [0x00000000a0000000,0x00000000a06ab910,0x00000000a5300000)
 Metaspace       used 20515K, capacity 21066K, committed 21248K, reserved 1067008K
  class space    used 3032K, capacity 3225K, committed 3328K, reserved 1048576K
}
Event: 14.258 GC heap before
{Heap before GC invocations=7 (full 1):
 PSYoungGen      total 40448K, used 8910K [0x00000000e0000000, 0x00000000e3400000, 0x0000000100000000)
  eden space 30208K, 0% used [0x00000000e0000000,0x00000000e0000000,0x00000000e1d80000)
  from space 10240K, 87% used [0x00000000e2880000,0x00000000e3133858,0x00000000e3280000)
  to   space 11264K, 0% used [0x00000000e1d80000,0x00000000e1d80000,0x00000000e2880000)
 ParOldGen       total 84992K, used 6830K [0x00000000a0000000, 0x00000000a5300000, 0x00000000e0000000)
  object space 84992K, 8% used [0x00000000a0000000,0x00000000a06ab910,0x00000000a5300000)
 Metaspace       used 20515K, capacity 21066K, committed 21248K, reserved 1067008K
  class space    used 3032K, capacity 3225K, committed 3328K, reserved 1048576K
Event: 14.299 GC heap after
Heap after GC invocations=7 (full 1):
 PSYoungGen      total 40448K, used 0K [0x00000000e0000000, 0x00000000e3400000, 0x0000000100000000)
  eden space 30208K, 0% used [0x00000000e0000000,0x00000000e0000000,0x00000000e1d80000)
  from space 10240K, 0% used [0x00000000e2880000,0x00000000e2880000,0x00000000e3280000)
  to   space 11264K, 0% used [0x00000000e1d80000,0x00000000e1d80000,0x00000000e2880000)
 ParOldGen       total 44544K, used 9425K [0x00000000a0000000, 0x00000000a2b80000, 0x00000000e0000000)
  object space 44544K, 21% used [0x00000000a0000000,0x00000000a09347f8,0x00000000a2b80000)
 Metaspace       used 20515K, capacity 21066K, committed 21248K, reserved 1067008K
  class space    used 3032K, capacity 3225K, committed 3328K, reserved 1048576K
}
Event: 15.264 GC heap before
{Heap before GC invocations=8 (full 1):
 PSYoungGen      total 40448K, used 30208K [0x00000000e0000000, 0x00000000e3400000, 0x0000000100000000)
  eden space 30208K, 100% used [0x00000000e0000000,0x00000000e1d80000,0x00000000e1d80000)
  from space 10240K, 0% used [0x00000000e2880000,0x00000000e2880000,0x00000000e3280000)
  to   space 11264K, 0% used [0x00000000e1d80000,0x00000000e1d80000,0x00000000e2880000)
 ParOldGen       total 44544K, used 9425K [0x00000000a0000000, 0x00000000a2b80000, 0x00000000e0000000)
  object space 44544K, 21% used [0x00000000a0000000,0x00000000a09347f8,0x00000000a2b80000)
 Metaspace       used 26093K, capacity 26678K, committed 26880K, reserved 1073152K
  class space    used 3595K, capacity 3772K, committed 3840K, reserved 1048576K
Event: 15.268 GC heap after
Heap after GC invocations=8 (full 1):
 PSYoungGen      total 34816K, used 4998K [0x00000000e0000000, 0x00000000e3200000, 0x0000000100000000)
  eden space 29696K, 0% used [0x00000000e0000000,0x00000000e0000000,0x00000000e1d00000)
  from space 5120K, 97% used [0x00000000e1d80000,0x00000000e2261b58,0x00000000e2280000)
  to   space 10752K, 0% used [0x00000000e2780000,0x00000000e2780000,0x00000000e3200000)
 ParOldGen       total 44544K, used 9433K [0x00000000a0000000, 0x00000000a2b80000, 0x00000000e0000000)
  object space 44544K, 21% used [0x00000000a0000000,0x00000000a09367f8,0x00000000a2b80000)
 Metaspace       used 26093K, capacity 26678K, committed 26880K, reserved 1073152K
  class space    used 3595K, capacity 3772K, committed 3840K, reserved 1048576K
}
Event: 15.695 GC heap before
{Heap before GC invocations=9 (full 1):
 PSYoungGen      total 34816K, used 34694K [0x00000000e0000000, 0x00000000e3200000, 0x0000000100000000)
  eden space 29696K, 100% used [0x00000000e0000000,0x00000000e1d00000,0x00000000e1d00000)
  from space 5120K, 97% used [0x00000000e1d80000,0x00000000e2261b58,0x00000000e2280000)
  to   space 10752K, 0% used [0x00000000e2780000,0x00000000e2780000,0x00000000e3200000)
 ParOldGen       total 44544K, used 9433K [0x00000000a0000000, 0x00000000a2b80000, 0x00000000e0000000)
  object space 44544K, 21% used [0x00000000a0000000,0x00000000a09367f8,0x00000000a2b80000)
 Metaspace       used 28359K, capacity 28904K, committed 29056K, reserved 1075200K
  class space    used 3980K, capacity 4191K, committed 4224K, reserved 1048576K
Event: 15.699 GC heap after
Heap after GC invocations=9 (full 1):
 PSYoungGen      total 38400K, used 5848K [0x00000000e0000000, 0x00000000e3080000, 0x0000000100000000)
  eden space 29184K, 0% used [0x00000000e0000000,0x00000000e0000000,0x00000000e1c80000)
  from space 9216K, 63% used [0x00000000e2780000,0x00000000e2d36150,0x00000000e3080000)
  to   space 10240K, 0% used [0x00000000e1c80000,0x00000000e1c80000,0x00000000e2680000)
 ParOldGen       total 44544K, used 9441K [0x00000000a0000000, 0x00000000a2b80000, 0x00000000e0000000)
  object space 44544K, 21% used [0x00000000a0000000,0x00000000a09387f8,0x00000000a2b80000)
 Metaspace       used 28359K, capacity 28904K, committed 29056K, reserved 1075200K
  class space    used 3980K, capacity 4191K, committed 4224K, reserved 1048576K
}
Event: 16.055 GC heap before
{Heap before GC invocations=10 (full 1):
 PSYoungGen      total 38400K, used 35032K [0x00000000e0000000, 0x00000000e3080000, 0x0000000100000000)
  eden space 29184K, 100% used [0x00000000e0000000,0x00000000e1c80000,0x00000000e1c80000)
  from space 9216K, 63% used [0x00000000e2780000,0x00000000e2d36150,0x00000000e3080000)
  to   space 10240K, 0% used [0x00000000e1c80000,0x00000000e1c80000,0x00000000e2680000)
 ParOldGen       total 44544K, used 9441K [0x00000000a0000000, 0x00000000a2b80000, 0x00000000e0000000)
  object space 44544K, 21% used [0x00000000a0000000,0x00000000a09387f8,0x00000000a2b80000)
 Metaspace       used 30087K, capacity 30566K, committed 30848K, reserved 1075200K
  class space    used 4176K, capacity 4361K, committed 4480K, reserved 1048576K
Event: 16.060 GC heap after
Heap after GC invocations=10 (full 1):
 PSYoungGen      total 39424K, used 5879K [0x00000000e0000000, 0x00000000e3d80000, 0x0000000100000000)
  eden space 29184K, 0% used [0x00000000e0000000,0x00000000e0000000,0x00000000e1c80000)
  from space 10240K, 57% used [0x00000000e1c80000,0x00000000e223dda8,0x00000000e2680000)
  to   space 10240K, 0% used [0x00000000e3380000,0x00000000e3380000,0x00000000e3d80000)
 ParOldGen       total 44544K, used 9449K [0x00000000a0000000, 0x00000000a2b80000, 0x00000000e0000000)
  object space 44544K, 21% used [0x00000000a0000000,0x00000000a093a7f8,0x00000000a2b80000)
 Metaspace       used 30087K, capacity 30566K, committed 30848K, reserved 1075200K
  class space    used 4176K, capacity 4361K, committed 4480K, reserved 1048576K
}

