# JRE version: Java(TM) SE Runtime Environment (8.0_221-b11) (build 1.8.0_221-b11)
# Java VM: Java HotSpot(TM) 64-Bit Server VM (25.221-b11 mixed mode windows-amd64 compressed oops)
Heap:
 PSYoungGen      total 461312K, used 456719K [0x00000000e0000000, 0x0000000100000000, 0x0000000100000000)
  eden space 436224K, 99% used [0x00000000e0000000,0x00000000fa60f4e8,0x00000000faa00000)
  from space 25088K, 97% used [0x00000000faa00000,0x00000000fc1f4778,0x00000000fc280000)
  to   space 29184K, 0% used [0x00000000fe380000,0x00000000fe380000,0x0000000100000000)
 ParOldGen       total 111616K, used 46930K [0x00000000a0000000, 0x00000000a6d00000, 0x00000000e0000000)
  object space 111616K, 42% used [0x00000000a0000000,0x00000000a2dd4a00,0x00000000a6d00000)
 Metaspace       used 79615K, capacity 82866K, committed 83160K, reserved 1122304K
  class space    used 10534K, capacity 11193K, committed 11264K, reserved 1048576K
GC Heap History (10 events):
Event: 53.975 GC heap before
{Heap before GC invocations=18 (full 2):
 PSYoungGen      total 327168K, used 312034K [0x00000000e0000000, 0x00000000f8b80000, 0x0000000100000000)
  eden space 311296K, 100% used [0x00000000e0000000,0x00000000f3000000,0x00000000f3000000)
  from space 15872K, 4% used [0x00000000f3000000,0x00000000f30b88c0,0x00000000f3f80000)
  to   space 15872K, 0% used [0x00000000f7c00000,0x00000000f7c00000,0x00000000f8b80000)
 ParOldGen       total 73728K, used 26819K [0x00000000a0000000, 0x00000000a4800000, 0x00000000e0000000)
  object space 73728K, 36% used [0x00000000a0000000,0x00000000a1a30ed8,0x00000000a4800000)
 Metaspace       used 53292K, capacity 54656K, committed 54912K, reserved 1097728K
  class space    used 6958K, capacity 7272K, committed 7296K, reserved 1048576K
Event: 53.983 GC heap after
Heap after GC invocations=18 (full 2):
 PSYoungGen      total 389120K, used 7900K [0x00000000e0000000, 0x00000000f9200000, 0x0000000100000000)
  eden space 373248K, 0% used [0x00000000e0000000,0x00000000e0000000,0x00000000f6c80000)
  from space 15872K, 49% used [0x00000000f7c00000,0x00000000f83b73e0,0x00000000f8b80000)
  to   space 15872K, 0% used [0x00000000f6c80000,0x00000000f6c80000,0x00000000f7c00000)
 ParOldGen       total 73728K, used 26827K [0x00000000a0000000, 0x00000000a4800000, 0x00000000e0000000)
  object space 73728K, 36% used [0x00000000a0000000,0x00000000a1a32ed8,0x00000000a4800000)
 Metaspace       used 53292K, capacity 54656K, committed 54912K, reserved 1097728K
  class space    used 6958K, capacity 7272K, committed 7296K, reserved 1048576K
}
Event: 54.672 GC heap before
{Heap before GC invocations=19 (full 2):
 PSYoungGen      total 389120K, used 95630K [0x00000000e0000000, 0x00000000f9200000, 0x0000000100000000)
  eden space 373248K, 23% used [0x00000000e0000000,0x00000000e55ac528,0x00000000f6c80000)
  from space 15872K, 49% used [0x00000000f7c00000,0x00000000f83b73e0,0x00000000f8b80000)
  to   space 15872K, 0% used [0x00000000f6c80000,0x00000000f6c80000,0x00000000f7c00000)
 ParOldGen       total 73728K, used 26827K [0x00000000a0000000, 0x00000000a4800000, 0x00000000e0000000)
  object space 73728K, 36% used [0x00000000a0000000,0x00000000a1a32ed8,0x00000000a4800000)
 Metaspace       used 57567K, capacity 59062K, committed 59096K, reserved 1099776K
  class space    used 7569K, capacity 7912K, committed 7936K, reserved 1048576K
Event: 54.687 GC heap after
Heap after GC invocations=19 (full 2):
 PSYoungGen      total 389120K, used 13000K [0x00000000e0000000, 0x00000000fd380000, 0x0000000100000000)
  eden space 373248K, 0% used [0x00000000e0000000,0x00000000e0000000,0x00000000f6c80000)
  from space 15872K, 81% used [0x00000000f6c80000,0x00000000f7932168,0x00000000f7c00000)
  to   space 17408K, 0% used [0x00000000fc280000,0x00000000fc280000,0x00000000fd380000)
 ParOldGen       total 73728K, used 26835K [0x00000000a0000000, 0x00000000a4800000, 0x00000000e0000000)
  object space 73728K, 36% used [0x00000000a0000000,0x00000000a1a34ed8,0x00000000a4800000)
 Metaspace       used 57567K, capacity 59062K, committed 59096K, reserved 1099776K
  class space    used 7569K, capacity 7912K, committed 7936K, reserved 1048576K
}
Event: 54.687 GC heap before
{Heap before GC invocations=20 (full 3):
 PSYoungGen      total 389120K, used 13000K [0x00000000e0000000, 0x00000000fd380000, 0x0000000100000000)
  eden space 373248K, 0% used [0x00000000e0000000,0x00000000e0000000,0x00000000f6c80000)
  from space 15872K, 81% used [0x00000000f6c80000,0x00000000f7932168,0x00000000f7c00000)
  to   space 17408K, 0% used [0x00000000fc280000,0x00000000fc280000,0x00000000fd380000)
 ParOldGen       total 73728K, used 26835K [0x00000000a0000000, 0x00000000a4800000, 0x00000000e0000000)
  object space 73728K, 36% used [0x00000000a0000000,0x00000000a1a34ed8,0x00000000a4800000)
 Metaspace       used 57567K, capacity 59062K, committed 59096K, reserved 1099776K
  class space    used 7569K, capacity 7912K, committed 7936K, reserved 1048576K
Event: 54.873 GC heap after
Heap after GC invocations=20 (full 3):
 PSYoungGen      total 389120K, used 0K [0x00000000e0000000, 0x00000000fd380000, 0x0000000100000000)
  eden space 373248K, 0% used [0x00000000e0000000,0x00000000e0000000,0x00000000f6c80000)
  from space 15872K, 0% used [0x00000000f6c80000,0x00000000f6c80000,0x00000000f7c00000)
  to   space 17408K, 0% used [0x00000000fc280000,0x00000000fc280000,0x00000000fd380000)
 ParOldGen       total 111616K, used 34419K [0x00000000a0000000, 0x00000000a6d00000, 0x00000000e0000000)
  object space 111616K, 30% used [0x00000000a0000000,0x00000000a219cef8,0x00000000a6d00000)
 Metaspace       used 57507K, capacity 58932K, committed 59096K, reserved 1099776K
  class space    used 7551K, capacity 7890K, committed 7936K, reserved 1048576K
}
Event: 109.520 GC heap before
{Heap before GC invocations=21 (full 3):
 PSYoungGen      total 389120K, used 373248K [0x00000000e0000000, 0x00000000fd380000, 0x0000000100000000)
  eden space 373248K, 100% used [0x00000000e0000000,0x00000000f6c80000,0x00000000f6c80000)
  from space 15872K, 0% used [0x00000000f6c80000,0x00000000f6c80000,0x00000000f7c00000)
  to   space 17408K, 0% used [0x00000000fc280000,0x00000000fc280000,0x00000000fd380000)
 ParOldGen       total 111616K, used 34419K [0x00000000a0000000, 0x00000000a6d00000, 0x00000000e0000000)
  object space 111616K, 30% used [0x00000000a0000000,0x00000000a219cef8,0x00000000a6d00000)
 Metaspace       used 72418K, capacity 75070K, committed 75224K, reserved 1114112K
  class space    used 9940K, capacity 10479K, committed 10496K, reserved 1048576K
Event: 109.556 GC heap after
Heap after GC invocations=21 (full 3):
 PSYoungGen      total 453632K, used 17386K [0x00000000e0000000, 0x00000000fe180000, 0x0000000100000000)
  eden space 436224K, 0% used [0x00000000e0000000,0x00000000e0000000,0x00000000faa00000)
  from space 17408K, 99% used [0x00000000fc280000,0x00000000fd37a810,0x00000000fd380000)
  to   space 25088K, 0% used [0x00000000faa00000,0x00000000faa00000,0x00000000fc280000)
 ParOldGen       total 111616K, used 46922K [0x00000000a0000000, 0x00000000a6d00000, 0x00000000e0000000)
  object space 111616K, 42% used [0x00000000a0000000,0x00000000a2dd2a00,0x00000000a6d00000)
 Metaspace       used 72418K, capacity 75070K, committed 75224K, reserved 1114112K
  class space    used 9940K, capacity 10479K, committed 10496K, reserved 1048576K
}
Event: 119.219 GC heap before
{Heap before GC invocations=22 (full 3):
 PSYoungGen      total 453632K, used 453610K [0x00000000e0000000, 0x00000000fe180000, 0x0000000100000000)
  eden space 436224K, 100% used [0x00000000e0000000,0x00000000faa00000,0x00000000faa00000)
  from space 17408K, 99% used [0x00000000fc280000,0x00000000fd37a810,0x00000000fd380000)
  to   space 25088K, 0% used [0x00000000faa00000,0x00000000faa00000,0x00000000fc280000)
 ParOldGen       total 111616K, used 46922K [0x00000000a0000000, 0x00000000a6d00000, 0x00000000e0000000)
  object space 111616K, 42% used [0x00000000a0000000,0x00000000a2dd2a00,0x00000000a6d00000)
 Metaspace       used 74009K, capacity 76756K, committed 76888K, reserved 1116160K
  class space    used 10041K, capacity 10580K, committed 10624K, reserved 1048576K
Event: 119.241 GC heap after
Heap after GC invocations=22 (full 3):
 PSYoungGen      total 461312K, used 24529K [0x00000000e0000000, 0x0000000100000000, 0x0000000100000000)
  eden space 436224K, 0% used [0x00000000e0000000,0x00000000e0000000,0x00000000faa00000)
  from space 25088K, 97% used [0x00000000faa00000,0x00000000fc1f4778,0x00000000fc280000)
  to   space 29184K, 0% used [0x00000000fe380000,0x00000000fe380000,0x0000000100000000)
 ParOldGen       total 111616K, used 46930K [0x00000000a0000000, 0x00000000a6d00000, 0x00000000e0000000)
  object space 111616K, 42% used [0x00000000a0000000,0x00000000a2dd4a00,0x00000000a6d00000)
 Metaspace       used 74009K, capacity 76756K, committed 76888K, reserved 1116160K
  class space    used 10041K, capacity 10580K, committed 10624K, reserved 1048576K
}

